Traceback (most recent call last):
  File "/home/toon/univ/molmod/stacie/venv/lib64/python3.13/site-packages/jupyter_cache/executors/utils.py", line 58, in single_nb_execution
    executenb(
    ~~~~~~~~~^
        nb,
        ^^^
    ...<4 lines>...
        **kwargs,
        ^^^^^^^^^
    )
    ^
  File "/home/toon/univ/molmod/stacie/venv/lib64/python3.13/site-packages/nbclient/client.py", line 1319, in execute
    return NotebookClient(nb=nb, resources=resources, km=km, **kwargs).execute()
           ~~~~~~~~~~~~~~~~~~~~~~~~~~~~~~~~~~~~~~~~~~~~~~~~~~~~~~~~~~~~~~~~~~~^^
  File "/home/toon/univ/molmod/stacie/venv/lib64/python3.13/site-packages/jupyter_core/utils/__init__.py", line 165, in wrapped
    return loop.run_until_complete(inner)
           ~~~~~~~~~~~~~~~~~~~~~~~^^^^^^^
  File "/usr/lib64/python3.13/asyncio/base_events.py", line 719, in run_until_complete
    return future.result()
           ~~~~~~~~~~~~~^^
  File "/home/toon/univ/molmod/stacie/venv/lib64/python3.13/site-packages/nbclient/client.py", line 709, in async_execute
    await self.async_execute_cell(
        cell, index, execution_count=self.code_cells_executed + 1
    )
  File "/home/toon/univ/molmod/stacie/venv/lib64/python3.13/site-packages/nbclient/client.py", line 1062, in async_execute_cell
    await self._check_raise_for_error(cell, cell_index, exec_reply)
  File "/home/toon/univ/molmod/stacie/venv/lib64/python3.13/site-packages/nbclient/client.py", line 918, in _check_raise_for_error
    raise CellExecutionError.from_cell_and_msg(cell, exec_reply_content)
nbclient.exceptions.CellExecutionError: An error occurred while executing the following cell:
------------------
if abs(eta_bulk_production - 1.195) > 0.1:
    raise ValueError(f"wrong viscosity (production): {eta_bulk_production:.3e}")
------------------


[31m---------------------------------------------------------------------------[39m
[31mValueError[39m                                Traceback (most recent call last)
[36mCell[39m[36m [39m[32mIn[6][39m[32m, line 2[39m
[32m      1[39m [38;5;28;01mif[39;00m [38;5;28mabs[39m(eta_bulk_production - [32m1.195[39m) > [32m0.1[39m:
[32m----> [39m[32m2[39m     [38;5;28;01mraise[39;00m [38;5;167;01mValueError[39;00m([33mf[39m[33m"[39m[33mwrong viscosity (production): [39m[38;5;132;01m{[39;00meta_bulk_production[38;5;132;01m:[39;00m[33m.3e[39m[38;5;132;01m}[39;00m[33m"[39m)

[31mValueError[39m: wrong viscosity (production): 1.041e+00

